7/10/2016 1:07:36 PM	This log contains information about the import schema operation into project 'SocialApp.DBProject' on computer 'LAPI-PC' by user 'Lapi'.
7/10/2016 1:07:36 PM	Import of database schema has started.
7/10/2016 1:07:45 PM	Gathering database options
7/10/2016 1:07:45 PM	Gathering users
7/10/2016 1:07:45 PM	Gathering roles
7/10/2016 1:07:45 PM	Gathering application roles
7/10/2016 1:07:45 PM	Gathering role memberships
7/10/2016 1:07:45 PM	Gathering filegroups
7/10/2016 1:07:45 PM	Gathering full-text catalogs
7/10/2016 1:07:45 PM	Gathering assemblies
7/10/2016 1:07:45 PM	Gathering certificates
7/10/2016 1:07:45 PM	Gathering asymmetric keys
7/10/2016 1:07:45 PM	Gathering symmetric keys
7/10/2016 1:07:45 PM	Gathering encrypted symmetric keys
7/10/2016 1:07:45 PM	Gathering schemas
7/10/2016 1:07:45 PM	Gathering XML schema collections
7/10/2016 1:07:45 PM	Gathering user-defined data types
7/10/2016 1:07:45 PM	Gathering user-defined types
7/10/2016 1:07:45 PM	Gathering table types
7/10/2016 1:07:45 PM	Gathering unique keys for table types
7/10/2016 1:07:45 PM	Gathering primary keys for table types
7/10/2016 1:07:45 PM	Gathering indexes for table types
7/10/2016 1:07:45 PM	Gathering check constraints for table types
7/10/2016 1:07:45 PM	Gathering default constraints for table types
7/10/2016 1:07:45 PM	Gathering partition functions
7/10/2016 1:07:45 PM	Gathering partition schemes
7/10/2016 1:07:45 PM	Gathering functions
7/10/2016 1:07:45 PM	Gathering encrypted functions
7/10/2016 1:07:45 PM	Gathering aggregates
7/10/2016 1:07:45 PM	Gathering procedures
7/10/2016 1:07:45 PM	Gathering encrypted procedures
7/10/2016 1:07:45 PM	Gathering tables
7/10/2016 1:07:45 PM	Gathering primary keys
7/10/2016 1:07:46 PM	Gathering unique constraints
7/10/2016 1:07:46 PM	Gathering foreign keys
7/10/2016 1:07:46 PM	Gathering default constraints
7/10/2016 1:07:46 PM	Gathering check constraints
7/10/2016 1:07:46 PM	Gathering views
7/10/2016 1:07:46 PM	Gathering encrypted views
7/10/2016 1:07:46 PM	Gathering indexes
7/10/2016 1:07:46 PM	Gathering statistics
7/10/2016 1:07:46 PM	Gathering full-text index stoplists
7/10/2016 1:07:46 PM	Gathering search property lists
7/10/2016 1:07:46 PM	Gathering search properties
7/10/2016 1:07:46 PM	Gathering full-text indexes
7/10/2016 1:07:46 PM	Gathering column store indexes
7/10/2016 1:07:46 PM	Gathering spatial indexes
7/10/2016 1:07:46 PM	Gathering XML indexes
7/10/2016 1:07:46 PM	Gathering Selective XML indexes
7/10/2016 1:07:47 PM	Gathering encrypted triggers
7/10/2016 1:07:47 PM	Gathering triggers
7/10/2016 1:07:47 PM	Gathering encrypted and clr ddl triggers
7/10/2016 1:07:47 PM	Gathering ddl triggers
7/10/2016 1:07:47 PM	Gathering synonyms
7/10/2016 1:07:47 PM	Gathering defaults
7/10/2016 1:07:47 PM	Gathering data constraint uddt bindings
7/10/2016 1:07:47 PM	Gathering rules
7/10/2016 1:07:47 PM	Gathering data constraint uddt bindings
7/10/2016 1:07:47 PM	Gathering message types
7/10/2016 1:07:47 PM	Gathering queues
7/10/2016 1:07:47 PM	Gathering contracts
7/10/2016 1:07:47 PM	Gathering services
7/10/2016 1:07:47 PM	Gathering event notifications
7/10/2016 1:07:47 PM	Gathering remote service bindings
7/10/2016 1:07:47 PM	Gathering broker priorities
7/10/2016 1:07:47 PM	Gathering signatures
7/10/2016 1:07:47 PM	Gathering data compression options
7/10/2016 1:07:47 PM	Gathering sequence types
7/10/2016 1:07:47 PM	Gathering extended properties
7/10/2016 1:07:47 PM	Gathering credentials
7/10/2016 1:07:47 PM	Gathering logins
7/10/2016 1:07:48 PM	Gathering server audits
7/10/2016 1:07:48 PM	Scanning project for duplicate elements
7/10/2016 1:07:48 PM	Finished duplicate element processing
7/10/2016 1:07:48 PM	Finished importing database.
7/10/2016 1:07:48 PM	A summary of the import was saved to the following location: E:\SocialApp\Code\Web\SocialApp.DBProject\Import Schema Logs\SocialApp.DBProject_20160710073736.log
7/10/2016 1:07:49 PM	Click Finish to continue...
